<?xml version="1.0" encoding="UTF-8"?>
<robot generator="Robot 4.1.3 (Python 3.10.1 on win32)" generated="20220130 22:10:13.738" rpa="false" schemaversion="2">
<suite id="s1" name="ExemplosEscoposVariaveis" source="C:\Users\rachi\Documents\Rachid\Estudos\Robot\SuiteSiteTestePractice\variaveis\ExemplosEscoposVariaveis.robot">
<test id="s1-t1" name="Caso de teste de exemplo 01">
<kw name="Uma keyword qualquer 01">
<kw name="Generate Random String" library="String">
<var>${GLOBAL_CRIADA_EM_TEMPO_EXECUCAO}</var>
<doc>Generates a string with a desired ``length`` from the given ``chars``.</doc>
<msg timestamp="20220130 22:10:13.881" level="INFO">${GLOBAL_CRIADA_EM_TEMPO_EXECUCAO} = 9Dv0SBxZ</msg>
<status status="PASS" starttime="20220130 22:10:13.881" endtime="20220130 22:10:13.881"/>
</kw>
<kw name="Set Global Variable" library="BuiltIn">
<arg>${GLOBAL_CRIADA_EM_TEMPO_EXECUCAO}</arg>
<doc>Makes a variable available globally in all tests and suites.</doc>
<msg timestamp="20220130 22:10:13.882" level="INFO">${GLOBAL_CRIADA_EM_TEMPO_EXECUCAO} = 9Dv0SBxZ</msg>
<status status="PASS" starttime="20220130 22:10:13.881" endtime="20220130 22:10:13.882"/>
</kw>
<kw name="Set Suite Variable" library="BuiltIn">
<arg>${SUITE_CRIADA_EM_TEMPO_EXECUCAO}</arg>
<arg>Variável da suíte</arg>
<doc>Makes a variable available everywhere within the scope of the current suite.</doc>
<msg timestamp="20220130 22:10:13.884" level="INFO">${SUITE_CRIADA_EM_TEMPO_EXECUCAO} = Variável da suíte</msg>
<status status="PASS" starttime="20220130 22:10:13.883" endtime="20220130 22:10:13.884"/>
</kw>
<kw name="Set Test Variable" library="BuiltIn">
<arg>${TESTE_01}</arg>
<arg>Variável do teste 01</arg>
<doc>Makes a variable available everywhere within the scope of the current test.</doc>
<msg timestamp="20220130 22:10:13.887" level="INFO">${TESTE_01} = Variável do teste 01</msg>
<status status="PASS" starttime="20220130 22:10:13.884" endtime="20220130 22:10:13.887"/>
</kw>
<kw name="Log" library="BuiltIn">
<arg>${TESTE_01}</arg>
<doc>Logs the given message with the given level.</doc>
<msg timestamp="20220130 22:10:13.888" level="INFO">Variável do teste 01</msg>
<status status="PASS" starttime="20220130 22:10:13.888" endtime="20220130 22:10:13.888"/>
</kw>
<kw name="Set Variable" library="BuiltIn">
<var>${LOCAL}</var>
<arg>Variável local da keyword 01</arg>
<doc>Returns the given values which can then be assigned to a variables.</doc>
<msg timestamp="20220130 22:10:13.889" level="INFO">${LOCAL} = Variável local da keyword 01</msg>
<status status="PASS" starttime="20220130 22:10:13.889" endtime="20220130 22:10:13.889"/>
</kw>
<status status="PASS" starttime="20220130 22:10:13.880" endtime="20220130 22:10:13.890"/>
</kw>
<kw name="Uma keyword qualquer 02">
<kw name="Set Variable" library="BuiltIn">
<var>${LOCAL}</var>
<arg>Variável local da keyword 02</arg>
<doc>Returns the given values which can then be assigned to a variables.</doc>
<msg timestamp="20220130 22:10:13.892" level="INFO">${LOCAL} = Variável local da keyword 02</msg>
<status status="PASS" starttime="20220130 22:10:13.891" endtime="20220130 22:10:13.892"/>
</kw>
<kw name="Log" library="BuiltIn">
<arg>${LOCAL}</arg>
<doc>Logs the given message with the given level.</doc>
<msg timestamp="20220130 22:10:13.893" level="INFO">Variável local da keyword 02</msg>
<status status="PASS" starttime="20220130 22:10:13.892" endtime="20220130 22:10:13.893"/>
</kw>
<kw name="Log" library="BuiltIn">
<arg>${GLOBAL_INSTANCIADA} / ${GLOBAL_CRIADA_EM_TEMPO_EXECUCAO} / ${SUITE_CRIADA_EM_TEMPO_EXECUCAO} / ${LOCAL}</arg>
<doc>Logs the given message with the given level.</doc>
<msg timestamp="20220130 22:10:13.894" level="INFO">Minha variável GLOBAL_INSTANCIADA foi instanciada para a suíte / 9Dv0SBxZ / Variável da suíte / Variável local da keyword 02</msg>
<status status="PASS" starttime="20220130 22:10:13.893" endtime="20220130 22:10:13.894"/>
</kw>
<kw name="Log" library="BuiltIn">
<arg>${TESTE_01}</arg>
<doc>Logs the given message with the given level.</doc>
<msg timestamp="20220130 22:10:13.895" level="INFO">Variável do teste 01</msg>
<status status="PASS" starttime="20220130 22:10:13.895" endtime="20220130 22:10:13.895"/>
</kw>
<status status="PASS" starttime="20220130 22:10:13.890" endtime="20220130 22:10:13.896"/>
</kw>
<status status="PASS" starttime="20220130 22:10:13.879" endtime="20220130 22:10:13.896"/>
</test>
<test id="s1-t2" name="Caso de teste de exemplo 02">
<kw name="Uma keyword qualquer 02">
<kw name="Set Variable" library="BuiltIn">
<var>${LOCAL}</var>
<arg>Variável local da keyword 02</arg>
<doc>Returns the given values which can then be assigned to a variables.</doc>
<msg timestamp="20220130 22:10:13.907" level="INFO">${LOCAL} = Variável local da keyword 02</msg>
<status status="PASS" starttime="20220130 22:10:13.906" endtime="20220130 22:10:13.907"/>
</kw>
<kw name="Log" library="BuiltIn">
<arg>${LOCAL}</arg>
<doc>Logs the given message with the given level.</doc>
<msg timestamp="20220130 22:10:13.908" level="INFO">Variável local da keyword 02</msg>
<status status="PASS" starttime="20220130 22:10:13.907" endtime="20220130 22:10:13.908"/>
</kw>
<kw name="Log" library="BuiltIn">
<arg>${GLOBAL_INSTANCIADA} / ${GLOBAL_CRIADA_EM_TEMPO_EXECUCAO} / ${SUITE_CRIADA_EM_TEMPO_EXECUCAO} / ${LOCAL}</arg>
<doc>Logs the given message with the given level.</doc>
<msg timestamp="20220130 22:10:13.909" level="INFO">Minha variável GLOBAL_INSTANCIADA foi instanciada para a suíte / 9Dv0SBxZ / Variável da suíte / Variável local da keyword 02</msg>
<status status="PASS" starttime="20220130 22:10:13.908" endtime="20220130 22:10:13.909"/>
</kw>
<kw name="Log" library="BuiltIn">
<arg>${TESTE_01}</arg>
<doc>Logs the given message with the given level.</doc>
<msg timestamp="20220130 22:10:13.928" level="FAIL">Variable '${TESTE_01}' not found.</msg>
<status status="FAIL" starttime="20220130 22:10:13.910" endtime="20220130 22:10:13.928"/>
</kw>
<status status="FAIL" starttime="20220130 22:10:13.900" endtime="20220130 22:10:13.930"/>
</kw>
<kw name="Uma keyword qualquer 03">
<status status="NOT RUN" starttime="20220130 22:10:13.961" endtime="20220130 22:10:13.961"/>
</kw>
<status status="FAIL" starttime="20220130 22:10:13.898" endtime="20220130 22:10:13.965">Variable '${TESTE_01}' not found.</status>
</test>
<test id="s1-t3" name="Caso de teste de exemplo 03">
<kw name="Uma keyword qualquer 04">
<kw name="Set Variable" library="BuiltIn">
<var>${LOCAL}</var>
<arg>Variável local da keyword 04</arg>
<doc>Returns the given values which can then be assigned to a variables.</doc>
<msg timestamp="20220130 22:10:13.986" level="INFO">${LOCAL} = Variável local da keyword 04</msg>
<status status="PASS" starttime="20220130 22:10:13.985" endtime="20220130 22:10:13.986"/>
</kw>
<kw name="Log" library="BuiltIn">
<arg>${LOCAL}</arg>
<doc>Logs the given message with the given level.</doc>
<msg timestamp="20220130 22:10:13.990" level="INFO">Variável local da keyword 04</msg>
<status status="PASS" starttime="20220130 22:10:13.987" endtime="20220130 22:10:13.991"/>
</kw>
<kw name="Log" library="BuiltIn">
<arg>${GLOBAL_INSTANCIADA} / ${GLOBAL_CRIADA_EM_TEMPO_EXECUCAO} / ${SUITE_CRIADA_EM_TEMPO_EXECUCAO} / ${LOCAL}</arg>
<doc>Logs the given message with the given level.</doc>
<msg timestamp="20220130 22:10:13.993" level="INFO">Minha variável GLOBAL_INSTANCIADA foi instanciada para a suíte / 9Dv0SBxZ / Variável da suíte / Variável local da keyword 04</msg>
<status status="PASS" starttime="20220130 22:10:13.991" endtime="20220130 22:10:13.993"/>
</kw>
<status status="PASS" starttime="20220130 22:10:13.981" endtime="20220130 22:10:13.993"/>
</kw>
<status status="PASS" starttime="20220130 22:10:13.972" endtime="20220130 22:10:14.004"/>
</test>
<doc>Exemplo de escopo de variáveis: GLOBAIS, SUITE, TESTE (test case) e LOCAL (keyword)</doc>
<status status="FAIL" starttime="20220130 22:10:13.752" endtime="20220130 22:10:14.012"/>
</suite>
<statistics>
<total>
<stat pass="2" fail="1" skip="0">All Tests</stat>
</total>
<tag>
</tag>
<suite>
<stat pass="2" fail="1" skip="0" id="s1" name="ExemplosEscoposVariaveis">ExemplosEscoposVariaveis</stat>
</suite>
</statistics>
<errors>
</errors>
</robot>
