<?xml version="1.0" encoding="UTF-8"?>
<robot generator="Robot 4.1.3 (Python 3.10.1 on win32)" generated="20220128 22:29:26.866" rpa="false" schemaversion="2">
<suite id="s1" name="TestSitePracticeBDD" source="C:\Users\rachi\Documents\Rachid\Estudos\Robot\Material\SuiteSiteTestePractice\tests\TestSitePracticeBDD.robot">
<test id="s1-t1" name="Cenário 01: Pesquisar produto existente">
<kw name="Abrir navegador" library="Resource" type="SETUP">
<kw name="Open Browser" library="SeleniumLibrary">
<arg>about:blank</arg>
<arg>${BROWSER}</arg>
<doc>Opens a new browser instance to the optional ``url``.</doc>
<msg timestamp="20220128 22:29:28.635" level="INFO">Opening browser 'chrome' to base url 'about:blank'.</msg>
<status status="PASS" starttime="20220128 22:29:28.634" endtime="20220128 22:29:34.838"/>
</kw>
<status status="PASS" starttime="20220128 22:29:28.632" endtime="20220128 22:29:34.838"/>
</kw>
<kw name="Dado que estou na página home do site">
<kw name="Acessar a página home do site" library="Resource">
<kw name="Go To" library="SeleniumLibrary">
<arg>${URL}</arg>
<doc>Navigates the current browser window to the provided ``url``.</doc>
<msg timestamp="20220128 22:29:34.892" level="INFO">Opening url 'http://automationpractice.com'</msg>
<status status="PASS" starttime="20220128 22:29:34.891" endtime="20220128 22:29:36.830"/>
</kw>
<kw name="Title Should Be" library="SeleniumLibrary">
<arg>My Store</arg>
<doc>Verifies that the current page title equals ``title``.</doc>
<msg timestamp="20220128 22:29:37.104" level="INFO" html="true">&lt;/td&gt;&lt;/tr&gt;&lt;tr&gt;&lt;td colspan="3"&gt;&lt;a href="selenium-screenshot-1.png"&gt;&lt;img src="selenium-screenshot-1.png" width="800px"&gt;&lt;/a&gt;</msg>
<msg timestamp="20220128 22:29:37.125" level="FAIL">Title should have been 'My Store' but was 'automationpractice.com'.</msg>
<status status="FAIL" starttime="20220128 22:29:36.830" endtime="20220128 22:29:37.125"/>
</kw>
<status status="FAIL" starttime="20220128 22:29:34.890" endtime="20220128 22:29:37.129"/>
</kw>
<status status="FAIL" starttime="20220128 22:29:34.889" endtime="20220128 22:29:37.131"/>
</kw>
<kw name="Quando eu pesquisar pelo produto &quot;Blouse&quot;" sourcename="Quando eu pesquisar pelo produto &quot;${PRODUTO}&quot;">
<status status="NOT RUN" starttime="20220128 22:29:37.133" endtime="20220128 22:29:37.133"/>
</kw>
<kw name="Então o produto &quot;Blouse&quot; deve ser listado na página de resultado da busca" sourcename="Então o produto &quot;${PRODUTO}&quot; deve ser listado na página de resultado da busca">
<status status="NOT RUN" starttime="20220128 22:29:37.134" endtime="20220128 22:29:37.134"/>
</kw>
<kw name="Fechar navegador" library="Resource" type="TEARDOWN">
<kw name="Close Browser" library="SeleniumLibrary">
<doc>Closes the current browser.</doc>
<status status="PASS" starttime="20220128 22:29:37.137" endtime="20220128 22:29:40.205"/>
</kw>
<status status="PASS" starttime="20220128 22:29:37.136" endtime="20220128 22:29:40.205"/>
</kw>
<status status="FAIL" starttime="20220128 22:29:28.630" endtime="20220128 22:29:40.215">Title should have been 'My Store' but was 'automationpractice.com'.</status>
</test>
<test id="s1-t2" name="Cenário 02: Pesquisar produto não existente">
<kw name="Abrir navegador" library="Resource" type="SETUP">
<kw name="Open Browser" library="SeleniumLibrary">
<arg>about:blank</arg>
<arg>${BROWSER}</arg>
<doc>Opens a new browser instance to the optional ``url``.</doc>
<msg timestamp="20220128 22:29:40.274" level="INFO">Opening browser 'chrome' to base url 'about:blank'.</msg>
<status status="PASS" starttime="20220128 22:29:40.273" endtime="20220128 22:29:50.174"/>
</kw>
<status status="PASS" starttime="20220128 22:29:40.272" endtime="20220128 22:29:50.175"/>
</kw>
<kw name="Dado que estou na página home do site">
<kw name="Acessar a página home do site" library="Resource">
<kw name="Go To" library="SeleniumLibrary">
<arg>${URL}</arg>
<doc>Navigates the current browser window to the provided ``url``.</doc>
<msg timestamp="20220128 22:29:50.212" level="INFO">Opening url 'http://automationpractice.com'</msg>
<status status="PASS" starttime="20220128 22:29:50.212" endtime="20220128 22:29:52.145"/>
</kw>
<kw name="Title Should Be" library="SeleniumLibrary">
<arg>My Store</arg>
<doc>Verifies that the current page title equals ``title``.</doc>
<msg timestamp="20220128 22:29:52.506" level="INFO" html="true">&lt;/td&gt;&lt;/tr&gt;&lt;tr&gt;&lt;td colspan="3"&gt;&lt;a href="selenium-screenshot-2.png"&gt;&lt;img src="selenium-screenshot-2.png" width="800px"&gt;&lt;/a&gt;</msg>
<msg timestamp="20220128 22:29:52.517" level="FAIL">Title should have been 'My Store' but was 'automationpractice.com'.</msg>
<status status="FAIL" starttime="20220128 22:29:52.145" endtime="20220128 22:29:52.518"/>
</kw>
<status status="FAIL" starttime="20220128 22:29:50.211" endtime="20220128 22:29:52.521"/>
</kw>
<status status="FAIL" starttime="20220128 22:29:50.209" endtime="20220128 22:29:52.523"/>
</kw>
<kw name="Quando eu pesquisar pelo produto &quot;itemNãoExistente&quot;" sourcename="Quando eu pesquisar pelo produto &quot;${PRODUTO}&quot;">
<status status="NOT RUN" starttime="20220128 22:29:52.527" endtime="20220128 22:29:52.528"/>
</kw>
<kw name="Então a página deve exibir a mensagem &quot;No results were found for your search &quot;itemNãoExistente&quot;&quot;" sourcename="Então a página deve exibir a mensagem &quot;${MENSAGEM_ALERTA}&quot;">
<status status="NOT RUN" starttime="20220128 22:29:52.528" endtime="20220128 22:29:52.529"/>
</kw>
<kw name="Fechar navegador" library="Resource" type="TEARDOWN">
<kw name="Close Browser" library="SeleniumLibrary">
<doc>Closes the current browser.</doc>
<status status="PASS" starttime="20220128 22:29:52.531" endtime="20220128 22:29:57.248"/>
</kw>
<status status="PASS" starttime="20220128 22:29:52.530" endtime="20220128 22:29:57.249"/>
</kw>
<status status="FAIL" starttime="20220128 22:29:40.270" endtime="20220128 22:29:57.255">Title should have been 'My Store' but was 'automationpractice.com'.</status>
</test>
<status status="FAIL" starttime="20220128 22:29:26.881" endtime="20220128 22:29:57.264"/>
</suite>
<statistics>
<total>
<stat pass="0" fail="2" skip="0">All Tests</stat>
</total>
<tag>
</tag>
<suite>
<stat pass="0" fail="2" skip="0" id="s1" name="TestSitePracticeBDD">TestSitePracticeBDD</stat>
</suite>
</statistics>
<errors>
</errors>
</robot>
