<?xml version="1.0" encoding="UTF-8"?>
<robot generator="Robot 4.1.3 (Python 3.10.1 on win32)" generated="20220118 16:50:54.268" rpa="false" schemaversion="2">
<suite id="s1" name="TestSitePractice" source="C:\Users\rachi\Documents\Rachid\Estudos\Robot\SuiteSiteTestePractice\tests\TestSitePractice.robot">
<test id="s1-t1" name="Caso de teste 01: Pesquisar produto existente">
<kw name="Abrir Navegador" library="Resource" type="SETUP">
<kw name="Open Browser" library="SeleniumLibrary">
<arg>about:blank</arg>
<arg>${BROWSER}</arg>
<doc>Opens a new browser instance to the optional ``url``.</doc>
<msg timestamp="20220118 16:50:55.817" level="INFO">Opening browser 'chrome' to base url 'about:blank'.</msg>
<status status="PASS" starttime="20220118 16:50:55.817" endtime="20220118 16:51:01.706"/>
</kw>
<status status="PASS" starttime="20220118 16:50:55.816" endtime="20220118 16:51:01.706"/>
</kw>
<kw name="Acessar a página home do site" library="Resource">
<kw name="Go To" library="SeleniumLibrary">
<arg>http://automationpractice.com</arg>
<doc>Navigates the current browser window to the provided ``url``.</doc>
<msg timestamp="20220118 16:51:01.711" level="INFO">Opening url 'http://automationpractice.com'</msg>
<status status="PASS" starttime="20220118 16:51:01.711" endtime="20220118 16:51:09.268"/>
</kw>
<kw name="Title Should Be" library="SeleniumLibrary">
<arg>My Store</arg>
<doc>Verifies that the current page title equals ``title``.</doc>
<msg timestamp="20220118 16:51:09.278" level="INFO">Page title is 'My Store'.</msg>
<status status="PASS" starttime="20220118 16:51:09.269" endtime="20220118 16:51:09.278"/>
</kw>
<status status="PASS" starttime="20220118 16:51:01.710" endtime="20220118 16:51:09.279"/>
</kw>
<kw name="Digitar o nome do produto &quot;Blouse&quot; no campo de pesquisa" library="Resource" sourcename="Digitar o nome do produto &quot;${PRODUTO}&quot; no campo de pesquisa">
<kw name="Input Text" library="SeleniumLibrary">
<arg>id=search_query_top</arg>
<arg>${PRODUTO}</arg>
<doc>Types the given ``text`` into the text field identified by ``locator``.</doc>
<msg timestamp="20220118 16:51:09.281" level="INFO">Typing text 'Blouse' into text field 'id=search_query_top'.</msg>
<status status="PASS" starttime="20220118 16:51:09.280" endtime="20220118 16:51:09.453"/>
</kw>
<status status="PASS" starttime="20220118 16:51:09.280" endtime="20220118 16:51:09.453"/>
</kw>
<kw name="Clicar no botão Pesquisar" library="Resource">
<kw name="Click Element" library="SeleniumLibrary">
<arg>name=submit_search</arg>
<doc>Click the element identified by ``locator``.</doc>
<msg timestamp="20220118 16:51:09.456" level="INFO">Clicking element 'name=submit_search'.</msg>
<status status="PASS" starttime="20220118 16:51:09.455" endtime="20220118 16:51:11.601"/>
</kw>
<status status="PASS" starttime="20220118 16:51:09.454" endtime="20220118 16:51:11.601"/>
</kw>
<kw name="Conferir se o produto &quot;Blouse&quot; foi listado no site" library="Resource" sourcename="Conferir se o produto &quot;${PRODUTO}&quot; foi listado no site">
<kw name="Wait Until Element Is Visible" library="SeleniumLibrary">
<arg>css=#center_column &gt; h1</arg>
<doc>Waits until the element ``locator`` is visible.</doc>
<status status="PASS" starttime="20220118 16:51:11.603" endtime="20220118 16:51:11.659"/>
</kw>
<kw name="Title Should Be" library="SeleniumLibrary">
<arg>Search - My Store</arg>
<doc>Verifies that the current page title equals ``title``.</doc>
<msg timestamp="20220118 16:51:11.666" level="INFO">Page title is 'Search - My Store'.</msg>
<status status="PASS" starttime="20220118 16:51:11.659" endtime="20220118 16:51:11.666"/>
</kw>
<kw name="Page Should Contain Image" library="SeleniumLibrary">
<arg>xpath=//*[@id="center_column"]//*[@src='http://automationpractice.com/img/p/7/7-home_default.jpg']</arg>
<doc>Verifies image identified by ``locator`` is found from current page.</doc>
<msg timestamp="20220118 16:51:11.695" level="INFO">Current page contains image 'xpath=//*[@id="center_column"]//*[@src='http://automationpractice.com/img/p/7/7-home_default.jpg']'.</msg>
<status status="PASS" starttime="20220118 16:51:11.667" endtime="20220118 16:51:11.696"/>
</kw>
<kw name="Page Should Contain Link" library="SeleniumLibrary">
<arg>xpath=//*[@id="center_column"]//a[@class="product-name"][contains(text(),'Blouse')]</arg>
<doc>Verifies link identified by ``locator`` is found from current page.</doc>
<msg timestamp="20220118 16:51:11.721" level="INFO">Current page contains link 'xpath=//*[@id="center_column"]//a[@class="product-name"][contains(text(),'Blouse')]'.</msg>
<status status="PASS" starttime="20220118 16:51:11.696" endtime="20220118 16:51:11.721"/>
</kw>
<status status="PASS" starttime="20220118 16:51:11.602" endtime="20220118 16:51:11.722"/>
</kw>
<kw name="Fechar Navegador" library="ResourceBDD" type="TEARDOWN">
<kw name="Close Browser" library="SeleniumLibrary">
<doc>Closes the current browser.</doc>
<status status="PASS" starttime="20220118 16:51:11.724" endtime="20220118 16:51:14.599"/>
</kw>
<status status="PASS" starttime="20220118 16:51:11.723" endtime="20220118 16:51:14.600"/>
</kw>
<status status="PASS" starttime="20220118 16:50:55.815" endtime="20220118 16:51:14.600"/>
</test>
<status status="PASS" starttime="20220118 16:50:54.281" endtime="20220118 16:51:14.603"/>
</suite>
<statistics>
<total>
<stat pass="1" fail="0" skip="0">All Tests</stat>
</total>
<tag>
</tag>
<suite>
<stat pass="1" fail="0" skip="0" id="s1" name="TestSitePractice">TestSitePractice</stat>
</suite>
</statistics>
<errors>
<msg timestamp="20220118 16:50:54.400" level="ERROR">Error in file 'C:\Users\rachi\Documents\Rachid\Estudos\Robot\SuiteSiteTestePractice\resource\Resource.robot' on line 2: Importing library 'Selenium' failed: ModuleNotFoundError: No module named 'Selenium'
Traceback (most recent call last):
  None
PYTHONPATH:
  C:\Users\rachi\AppData\Local\Programs\Python\Python310\Scripts\robot.exe
  C:\Users\rachi\AppData\Local\Programs\Python\Python310\python310.zip
  C:\Users\rachi\AppData\Local\Programs\Python\Python310\DLLs
  C:\Users\rachi\AppData\Local\Programs\Python\Python310\lib
  C:\Users\rachi\AppData\Local\Programs\Python\Python310
  C:\Users\rachi\AppData\Local\Programs\Python\Python310\lib\site-packages</msg>
</errors>
</robot>
